#
# There is insufficient memory for the Java Runtime Environment to continue.
# Native memory allocation (mmap) failed to map 132120576 bytes for G1 virtual space
# Possible reasons:
#   The system is out of physical RAM or swap space
#   The process is running with CompressedOops enabled, and the Java Heap may be blocking the growth of the native heap
# Possible solutions:
#   Reduce memory load on the system
#   Increase physical memory or swap space
#   Check if swap backing store is full
#   Decrease Java heap size (-Xmx/-Xms)
#   Decrease number of Java threads
#   Decrease Java thread stack sizes (-Xss)
#   Set larger code cache with -XX:ReservedCodeCacheSize=
#   JVM is running with Unscaled Compressed Oops mode in which the Java heap is
#     placed in the first 4GB address space. The Java Heap base address is the
#     maximum limit for the native heap growth. Please use -XX:HeapBaseMinAddress
#     to set the Java Heap base and to place the Java Heap above 4GB virtual address.
# This output file may be truncated or incomplete.
#
#  Out of Memory Error (os_windows.cpp:3557), pid=8152, tid=9456
#
# JRE version:  (17.0.6+10) (build )
# Java VM: OpenJDK 64-Bit Server VM (17.0.6+10, mixed mode, sharing, tiered, compressed oops, compressed class ptrs, g1 gc, windows-amd64)
# No core dump will be written. Minidumps are not enabled by default on client versions of Windows
#

---------------  S U M M A R Y ------------

Command Line: -Dfile.encoding=UTF-8 -XX:+ShowCodeDetailsInExceptionMessages openwebinarsjdbc1jpo.App

Host: Intel(R) Core(TM) i3-10110U CPU @ 2.10GHz, 4 cores, 7G,  Windows 10 , 64 bit Build 17763 (10.0.17763.1)
Time: Mon Apr  3 12:54:30 2023 Hora de verano romance elapsed time: 0.020170 seconds (0d 0h 0m 0s)

---------------  T H R E A D  ---------------

Current thread (0x0000019c59be0220):  JavaThread "Unknown thread" [_thread_in_vm, id=9456, stack(0x0000003f06600000,0x0000003f06700000)]

Stack: [0x0000003f06600000,0x0000003f06700000]
Native frames: (J=compiled Java code, j=interpreted, Vv=VM code, C=native code)
V  [jvm.dll+0x67741a]
V  [jvm.dll+0x834434]
V  [jvm.dll+0x835bde]
V  [jvm.dll+0x836243]
V  [jvm.dll+0x2457b5]
V  [jvm.dll+0x674329]
V  [jvm.dll+0x6689da]
V  [jvm.dll+0x30489b]
V  [jvm.dll+0x30bd96]
V  [jvm.dll+0x35b57e]
V  [jvm.dll+0x35b7af]
V  [jvm.dll+0x2db778]
V  [jvm.dll+0x2dc6e4]
V  [jvm.dll+0x806131]
V  [jvm.dll+0x369331]
V  [jvm.dll+0x7e56ac]
V  [jvm.dll+0x3eb35f]
V  [jvm.dll+0x3ecea1]
C  [jli.dll+0x5267]
C  [ucrtbase.dll+0x203ba]
C  [KERNEL32.DLL+0x17e94]
C  [ntdll.dll+0x67ad1]


---------------  P R O C E S S  ---------------

Threads class SMR info:
_java_thread_list=0x00007fff5bcf5fd8, length=0, elements={
}

Java Threads: ( => current thread )

Other Threads:
  0x0000019c59c37960 GCTaskThread "GC Thread#0" [stack: 0x0000003f06700000,0x0000003f06800000] [id=4556]
  0x0000019c59c482a0 ConcurrentGCThread "G1 Main Marker" [stack: 0x0000003f06800000,0x0000003f06900000] [id=5824]
  0x0000019c59c49910 ConcurrentGCThread "G1 Conc#0" [stack: 0x0000003f06900000,0x0000003f06a00000] [id=11776]

[error occurred during error reporting (printing all threads), id 0xc0000005, EXCEPTION_ACCESS_VIOLATION (0xc0000005) at pc=0x00007fff5b4cc1e7]

VM state: not at safepoint (not fully initialized)

VM Mutex/Monitor currently owned by a thread:  ([mutex/lock_event])
[0x0000019c59bdac00] Heap_lock - owner thread: 0x0000019c59be0220

Heap address: 0x0000000083000000, size: 2000 MB, Compressed Oops mode: 32-bit

CDS archive(s) mapped at: [0x0000000000000000-0x0000000000000000-0x0000000000000000), size 0, SharedBaseAddress: 0x0000000800000000, ArchiveRelocationMode: 0.
Narrow klass base: 0x0000000000000000, Narrow klass shift: 0, Narrow klass range: 0x0

GC Precious Log:
<Empty>

Heap:
 garbage-first heap   total 0K, used 0K [0x0000000083000000, 0x0000000100000000)
  region size 1024K, 0 young (0K), 0 survivors (0K)

[error occurred during error reporting (printing heap information), id 0xc0000005, EXCEPTION_ACCESS_VIOLATION (0xc0000005) at pc=0x00007fff5b8b06f9]

GC Heap History (0 events):
No events

Dll operation events (1 events):
Event: 0.008 Loaded shared library C:\Users\Alumno\.p2\pool\plugins\org.eclipse.justj.openjdk.hotspot.jre.full.win32.x86_64_17.0.6.v20230204-1729\jre\bin\java.dll

Deoptimization events (0 events):
No events

Classes unloaded (0 events):
No events

Classes redefined (0 events):
No events

Internal exceptions (0 events):
No events

VM Operations (0 events):
No events

Events (0 events):
No events


Dynamic libraries:
0x00007ff7f4740000 - 0x00007ff7f474e000 	C:\Users\Alumno\.p2\pool\plugins\org.eclipse.justj.openjdk.hotspot.jre.full.win32.x86_64_17.0.6.v20230204-1729\jre\bin\javaw.exe
0x00007fffbe220000 - 0x00007fffbe40d000 	C:\Windows\SYSTEM32\ntdll.dll
0x00007fffbc3e0000 - 0x00007fffbc493000 	C:\Windows\System32\KERNEL32.DLL
0x00007fffbabb0000 - 0x00007fffbae43000 	C:\Windows\System32\KERNELBASE.dll
0x00007fffbaec0000 - 0x00007fffbafbc000 	C:\Windows\System32\ucrtbase.dll
0x00007fff8e630000 - 0x00007fff8e647000 	C:\Users\Alumno\.p2\pool\plugins\org.eclipse.justj.openjdk.hotspot.jre.full.win32.x86_64_17.0.6.v20230204-1729\jre\bin\jli.dll
0x00007fffbc1d0000 - 0x00007fffbc367000 	C:\Windows\System32\USER32.dll
0x00007fffba440000 - 0x00007fffba460000 	C:\Windows\System32\win32u.dll
0x00007fffbb6e0000 - 0x00007fffbb709000 	C:\Windows\System32\GDI32.dll
0x00007fffbafc0000 - 0x00007fffbb15a000 	C:\Windows\System32\gdi32full.dll
0x00007fffba3a0000 - 0x00007fffba440000 	C:\Windows\System32\msvcp_win.dll
0x00007fff8e160000 - 0x00007fff8e179000 	C:\Users\Alumno\.p2\pool\plugins\org.eclipse.justj.openjdk.hotspot.jre.full.win32.x86_64_17.0.6.v20230204-1729\jre\bin\VCRUNTIME140.dll
0x00007fffa2560000 - 0x00007fffa27d9000 	C:\Windows\WinSxS\amd64_microsoft.windows.common-controls_6595b64144ccf1df_6.0.17763.1_none_f040600eff408c2d\COMCTL32.dll
0x00007fffbdd40000 - 0x00007fffbddde000 	C:\Windows\System32\msvcrt.dll
0x00007fffbbe40000 - 0x00007fffbc16e000 	C:\Windows\System32\combase.dll
0x00007fffbe0c0000 - 0x00007fffbe1e3000 	C:\Windows\System32\RPCRT4.dll
0x00007fffba320000 - 0x00007fffba39e000 	C:\Windows\System32\bcryptPrimitives.dll
0x00007fffbb840000 - 0x00007fffbb86e000 	C:\Windows\System32\IMM32.DLL
0x00007fffbb640000 - 0x00007fffbb6de000 	C:\Windows\System32\sechost.dll
0x00007fffba150000 - 0x00007fffba17f000 	C:\Windows\SYSTEM32\SspiCli.dll
0x00007fff92130000 - 0x00007fff9213c000 	C:\Users\Alumno\.p2\pool\plugins\org.eclipse.justj.openjdk.hotspot.jre.full.win32.x86_64_17.0.6.v20230204-1729\jre\bin\vcruntime140_1.dll
0x00007fff77490000 - 0x00007fff77521000 	C:\Users\Alumno\.p2\pool\plugins\org.eclipse.justj.openjdk.hotspot.jre.full.win32.x86_64_17.0.6.v20230204-1729\jre\bin\msvcp140.dll
0x00007fff5b1e0000 - 0x00007fff5be27000 	C:\Users\Alumno\.p2\pool\plugins\org.eclipse.justj.openjdk.hotspot.jre.full.win32.x86_64_17.0.6.v20230204-1729\jre\bin\server\jvm.dll
0x00007fffbe010000 - 0x00007fffbe0b3000 	C:\Windows\System32\ADVAPI32.dll
0x00007fff9e1e0000 - 0x00007fff9e1e9000 	C:\Windows\SYSTEM32\WSOCK32.dll
0x00007fffbc370000 - 0x00007fffbc3dd000 	C:\Windows\System32\WS2_32.dll
0x00007fffb7e50000 - 0x00007fffb7e74000 	C:\Windows\SYSTEM32\WINMM.dll
0x00007fffad850000 - 0x00007fffad85a000 	C:\Windows\SYSTEM32\VERSION.dll
0x00007fffb7e20000 - 0x00007fffb7e4d000 	C:\Windows\SYSTEM32\WINMMBASE.dll
0x00007fffbae50000 - 0x00007fffbae9a000 	C:\Windows\System32\cfgmgr32.dll
0x00007fffba2d0000 - 0x00007fffba2e1000 	C:\Windows\System32\kernel.appcore.dll
0x00007fffb64f0000 - 0x00007fffb64fa000 	C:\Users\Alumno\.p2\pool\plugins\org.eclipse.justj.openjdk.hotspot.jre.full.win32.x86_64_17.0.6.v20230204-1729\jre\bin\jimage.dll
0x00007fffb8c20000 - 0x00007fffb8e0d000 	C:\Windows\SYSTEM32\DBGHELP.DLL
0x00007fff9bfb0000 - 0x00007fff9bfda000 	C:\Windows\SYSTEM32\dbgcore.DLL
0x00007fffa13c0000 - 0x00007fffa13e5000 	C:\Users\Alumno\.p2\pool\plugins\org.eclipse.justj.openjdk.hotspot.jre.full.win32.x86_64_17.0.6.v20230204-1729\jre\bin\java.dll

dbghelp: loaded successfully - version: 4.0.5 - missing functions: none
symbol engine: initialized successfully - sym options: 0x614 - pdb path: .;C:\Users\Alumno\.p2\pool\plugins\org.eclipse.justj.openjdk.hotspot.jre.full.win32.x86_64_17.0.6.v20230204-1729\jre\bin;C:\Windows\SYSTEM32;C:\Windows\WinSxS\amd64_microsoft.windows.common-controls_6595b64144ccf1df_6.0.17763.1_none_f040600eff408c2d;C:\Users\Alumno\.p2\pool\plugins\org.eclipse.justj.openjdk.hotspot.jre.full.win32.x86_64_17.0.6.v20230204-1729\jre\bin\server

VM Arguments:
jvm_args: -Dfile.encoding=UTF-8 -XX:+ShowCodeDetailsInExceptionMessages 
java_command: openwebinarsjdbc1jpo.App
java_class_path (initial): C:\Users\Alumno\Desktop\DAM\Primer año\Programación\eclipse-workspace-1dam\openwebinars-jdbc-1-jpo\bin;C:\Users\Alumno\Desktop\DAM\Primer año\Programación\eclipse-workspace-1dam\ConexionPruebaBBDD\lib\mysql-connector-java-5.1.49.jar;C:\Users\Alumno\Desktop\DAM\Primer año\Programación\eclipse-workspace-1dam\ConexionPruebaBBDD\lib\mysql-connector-java-5.1.49-bin.jar
Launcher Type: SUN_STANDARD

[Global flags]
     intx CICompilerCount                          = 3                                         {product} {ergonomic}
     uint ConcGCThreads                            = 1                                         {product} {ergonomic}
     uint G1ConcRefinementThreads                  = 4                                         {product} {ergonomic}
   size_t G1HeapRegionSize                         = 1048576                                   {product} {ergonomic}
    uintx GCDrainStackTargetSize                   = 64                                        {product} {ergonomic}
   size_t InitialHeapSize                          = 132120576                                 {product} {ergonomic}
   size_t MarkStackSize                            = 4194304                                   {product} {ergonomic}
   size_t MaxHeapSize                              = 2097152000                                {product} {ergonomic}
   size_t MinHeapDeltaBytes                        = 1048576                                   {product} {ergonomic}
   size_t MinHeapSize                              = 8388608                                   {product} {ergonomic}
    uintx NonNMethodCodeHeapSize                   = 5832780                                {pd product} {ergonomic}
    uintx NonProfiledCodeHeapSize                  = 122912730                              {pd product} {ergonomic}
    uintx ProfiledCodeHeapSize                     = 122912730                              {pd product} {ergonomic}
    uintx ReservedCodeCacheSize                    = 251658240                              {pd product} {ergonomic}
     bool SegmentedCodeCache                       = true                                      {product} {ergonomic}
     bool ShowCodeDetailsInExceptionMessages       = true                                   {manageable} {command line}
   size_t SoftMaxHeapSize                          = 2097152000                             {manageable} {ergonomic}
     bool UseCompressedClassPointers               = true                           {product lp64_product} {ergonomic}
     bool UseCompressedOops                        = true                           {product lp64_product} {ergonomic}
     bool UseG1GC                                  = true                                      {product} {ergonomic}
     bool UseLargePagesIndividualAllocation        = false                                  {pd product} {ergonomic}

Logging:
Log output configuration:
 #0: stdout all=warning uptime,level,tags
 #1: stderr all=off uptime,level,tags

Environment Variables:
JAVA_HOME=C:\dev\core\jdk\jdk-20
PATH=C:/Users/Alumno/.p2/pool/plugins/org.eclipse.justj.openjdk.hotspot.jre.full.win32.x86_64_17.0.6.v20230204-1729/jre/bin/server;C:/Users/Alumno/.p2/pool/plugins/org.eclipse.justj.openjdk.hotspot.jre.full.win32.x86_64_17.0.6.v20230204-1729/jre/bin;C:\Program Files (x86)\VMware\VMware Workstation\bin\;C:\Program Files\Common Files\Oracle\Java\javapath;C:\Program Files (x86)\Common Files\Oracle\Java\javapath;C:\app\Alumno\product\21c\dbhomeXE\bin;C:\Windows\system32;C:\Windows;C:\Windows\System32\Wbem;C:\Windows\System32\WindowsPowerShell\v1.0\;C:\Windows\System32\OpenSSH\;C:\Program Files\AutoFirma\AutoFirma;C:\dev\core\jdk\jdk-20\bin;C:\dev\core\scv\Git\cmd;C:\Program Files\TortoiseGit\bin;C:\Users\Alumno\AppData\Local\Microsoft\WindowsApps;C:\Users\Alumno\AppData\Local\Programs\MiKTeX\miktex\bin\x64\;C:\dev\ide\Microsoft VS Code\bin;C:\Users\Alumno\AppData\Local\GitHubDesktop\bin;C:\Windows\system32;
USERNAME=Alumno
OS=Windows_NT
PROCESSOR_IDENTIFIER=Intel64 Family 6 Model 142 Stepping 12, GenuineIntel
TMP=C:\Users\Alumno\AppData\Local\Temp
TEMP=C:\Users\Alumno\AppData\Local\Temp



---------------  S Y S T E M  ---------------

OS:
 Windows 10 , 64 bit Build 17763 (10.0.17763.1)
OS uptime: 0 days 4:16 hours

CPU: total 4 (initial active 4) (2 cores per cpu, 2 threads per core) family 6 model 142 stepping 12 microcode 0xde, cx8, cmov, fxsr, ht, mmx, 3dnowpref, sse, sse2, sse3, ssse3, sse4.1, sse4.2, popcnt, lzcnt, tsc, tscinvbit, avx, avx2, aes, erms, clmul, bmi1, bmi2, adx, fma, vzeroupper, clflush, clflushopt

Memory: 4k page, system-wide physical 7996M (2045M free)
TotalPageFile size 9020M (AvailPageFile size 93M)
current process WorkingSet (physical memory assigned to process): 10M, peak: 10M
current process commit charge ("private bytes"): 51M, peak: 177M

vm_info: OpenJDK 64-Bit Server VM (17.0.6+10) for windows-amd64 JRE (17.0.6+10), built on Jan 18 2023 10:08:59 by "temurin" with MS VC++ 16.7 (VS2019)

END.
